# JRE version: Java(TM) SE Runtime Environment (17.0.10+11) (build 17.0.10+11-LTS-240)
# Java VM: Java HotSpot(TM) 64-Bit Server VM (17.0.10+11-LTS-240, mixed mode, sharing, tiered, compressed oops, compressed class ptrs, g1 gc, windows-amd64)
GC Precious Log:
 CPUs: 12 total, 12 available
 Memory: 16177M
 Large Page Support: Disabled
 NUMA Support: Disabled
 Compressed Oops: Enabled (Zero based)
 Heap Region Size: 2M
 Heap Min Capacity: 8M
 Heap Initial Capacity: 254M
 Heap Max Capacity: 4046M
 Pre-touch: Disabled
 Parallel Workers: 10
 Concurrent Workers: 3
 Concurrent Refinement Workers: 10
 Periodic GC: Disabled
Heap:
 garbage-first heap   total 75776K, used 24504K [0x0000000703200000, 0x0000000800000000)
  region size 2048K, 7 young (14336K), 3 survivors (6144K)
 Metaspace       used 36498K, committed 36992K, reserved 1114112K
  class space    used 4765K, committed 4992K, reserved 1048576K
GC Heap History (16 events):
Event: 0.573 GC heap before
{Heap before GC invocations=0 (full 0):
 garbage-first heap   total 260096K, used 22528K [0x0000000703200000, 0x0000000800000000)
  region size 2048K, 11 young (22528K), 0 survivors (0K)
 Metaspace       used 3819K, committed 4032K, reserved 1114112K
  class space    used 459K, committed 576K, reserved 1048576K
}
Event: 0.578 GC heap after
{Heap after GC invocations=1 (full 0):
 garbage-first heap   total 260096K, used 5232K [0x0000000703200000, 0x0000000800000000)
  region size 2048K, 2 young (4096K), 2 survivors (4096K)
 Metaspace       used 3819K, committed 4032K, reserved 1114112K
  class space    used 459K, committed 576K, reserved 1048576K
}
Event: 1.216 GC heap before
{Heap before GC invocations=1 (full 0):
 garbage-first heap   total 260096K, used 33904K [0x0000000703200000, 0x0000000800000000)
  region size 2048K, 16 young (32768K), 2 survivors (4096K)
 Metaspace       used 10011K, committed 10176K, reserved 1114112K
  class space    used 1287K, committed 1344K, reserved 1048576K
}
Event: 1.219 GC heap after
{Heap after GC invocations=2 (full 0):
 garbage-first heap   total 260096K, used 7433K [0x0000000703200000, 0x0000000800000000)
  region size 2048K, 2 young (4096K), 2 survivors (4096K)
 Metaspace       used 10011K, committed 10176K, reserved 1114112K
  class space    used 1287K, committed 1344K, reserved 1048576K
}
Event: 1.718 GC heap before
{Heap before GC invocations=2 (full 0):
 garbage-first heap   total 260096K, used 68873K [0x0000000703200000, 0x0000000800000000)
  region size 2048K, 33 young (67584K), 2 survivors (4096K)
 Metaspace       used 21246K, committed 21504K, reserved 1114112K
  class space    used 2768K, committed 2880K, reserved 1048576K
}
Event: 1.721 GC heap after
{Heap after GC invocations=3 (full 0):
 garbage-first heap   total 260096K, used 11262K [0x0000000703200000, 0x0000000800000000)
  region size 2048K, 3 young (6144K), 3 survivors (6144K)
 Metaspace       used 21246K, committed 21504K, reserved 1114112K
  class space    used 2768K, committed 2880K, reserved 1048576K
}
Event: 2.004 GC heap before
{Heap before GC invocations=4 (full 0):
 garbage-first heap   total 49152K, used 35838K [0x0000000703200000, 0x0000000800000000)
  region size 2048K, 16 young (32768K), 3 survivors (6144K)
 Metaspace       used 23984K, committed 24320K, reserved 1114112K
  class space    used 3109K, committed 3264K, reserved 1048576K
}
Event: 2.009 GC heap after
{Heap after GC invocations=5 (full 0):
 garbage-first heap   total 49152K, used 13331K [0x0000000703200000, 0x0000000800000000)
  region size 2048K, 4 young (8192K), 4 survivors (8192K)
 Metaspace       used 23984K, committed 24320K, reserved 1114112K
  class space    used 3109K, committed 3264K, reserved 1048576K
}
Event: 2.035 GC heap before
{Heap before GC invocations=5 (full 0):
 garbage-first heap   total 49152K, used 15379K [0x0000000703200000, 0x0000000800000000)
  region size 2048K, 5 young (10240K), 4 survivors (8192K)
 Metaspace       used 24192K, committed 24448K, reserved 1114112K
  class space    used 3138K, committed 3264K, reserved 1048576K
}
Event: 2.039 GC heap after
{Heap after GC invocations=6 (full 0):
 garbage-first heap   total 49152K, used 14047K [0x0000000703200000, 0x0000000800000000)
  region size 2048K, 1 young (2048K), 1 survivors (2048K)
 Metaspace       used 24192K, committed 24448K, reserved 1114112K
  class space    used 3138K, committed 3264K, reserved 1048576K
}
Event: 2.287 GC heap before
{Heap before GC invocations=6 (full 0):
 garbage-first heap   total 49152K, used 32479K [0x0000000703200000, 0x0000000800000000)
  region size 2048K, 10 young (20480K), 1 survivors (2048K)
 Metaspace       used 27143K, committed 27584K, reserved 1114112K
  class space    used 3547K, committed 3776K, reserved 1048576K
}
Event: 2.290 GC heap after
{Heap after GC invocations=7 (full 0):
 garbage-first heap   total 49152K, used 14677K [0x0000000703200000, 0x0000000800000000)
  region size 2048K, 1 young (2048K), 1 survivors (2048K)
 Metaspace       used 27143K, committed 27584K, reserved 1114112K
  class space    used 3547K, committed 3776K, reserved 1048576K
}
Event: 2.491 GC heap before
{Heap before GC invocations=7 (full 0):
 garbage-first heap   total 49152K, used 33109K [0x0000000703200000, 0x0000000800000000)
  region size 2048K, 10 young (20480K), 1 survivors (2048K)
 Metaspace       used 31226K, committed 31680K, reserved 1114112K
  class space    used 4081K, committed 4288K, reserved 1048576K
}
Event: 2.495 GC heap after
{Heap after GC invocations=8 (full 0):
 garbage-first heap   total 155648K, used 15445K [0x0000000703200000, 0x0000000800000000)
  region size 2048K, 2 young (4096K), 2 survivors (4096K)
 Metaspace       used 31226K, committed 31680K, reserved 1114112K
  class space    used 4081K, committed 4288K, reserved 1048576K
}
Event: 2.997 GC heap before
{Heap before GC invocations=8 (full 0):
 garbage-first heap   total 155648K, used 52309K [0x0000000703200000, 0x0000000800000000)
  region size 2048K, 21 young (43008K), 2 survivors (4096K)
 Metaspace       used 35578K, committed 35968K, reserved 1114112K
  class space    used 4626K, committed 4800K, reserved 1048576K
}
Event: 3.003 GC heap after
{Heap after GC invocations=9 (full 0):
 garbage-first heap   total 155648K, used 18360K [0x0000000703200000, 0x0000000800000000)
  region size 2048K, 3 young (6144K), 3 survivors (6144K)
 Metaspace       used 35578K, committed 35968K, reserved 1114112K
  class space    used 4626K, committed 4800K, reserved 1048576K
}

